<?xml version="1.0" encoding="utf-8"?><testsuites name="pytest tests"><testsuite name="pytest" errors="0" failures="0" skipped="0" tests="16" time="3.516" timestamp="2026-05-14T22:58:10.332309+00:00" hostname="agent-env-516011f7-a9d7-4855-8020-7f376a6adfc6"><testcase classname="backend.tests.backend_test" name="test_root" time="0.693" /><testcase classname="backend.tests.backend_test.TestAuth" name="test_login_success" time="0.286" /><testcase classname="backend.tests.backend_test.TestAuth" name="test_login_invalid_password" time="0.283" /><testcase classname="backend.tests.backend_test.TestAuth" name="test_login_invalid_email" time="0.065" /><testcase classname="backend.tests.backend_test.TestAuth" name="test_me_with_token" time="0.435" /><testcase classname="backend.tests.backend_test.TestAuth" name="test_me_without_token" time="0.060" /><testcase classname="backend.tests.backend_test.TestAuth" name="test_me_invalid_token" time="0.190" /><testcase classname="backend.tests.backend_test.TestProducts" name="test_list_products_seeded" time="0.065" /><testcase classname="backend.tests.backend_test.TestProducts" name="test_get_product_by_slug" time="0.121" /><testcase classname="backend.tests.backend_test.TestProducts" name="test_get_product_404" time="0.060" /><testcase classname="backend.tests.backend_test.TestProducts" name="test_product_crud_lifecycle" time="0.493" /><testcase classname="backend.tests.backend_test.TestProducts" name="test_product_create_without_auth" time="0.059" /><testcase classname="backend.tests.backend_test.TestMessages" name="test_submit_message_public" time="0.062" /><testcase classname="backend.tests.backend_test.TestMessages" name="test_list_messages_requires_auth" time="0.058" /><testcase classname="backend.tests.backend_test.TestMessages" name="test_messages_full_flow" time="0.433" /><testcase classname="backend.tests.backend_test.TestMessages" name="test_reply_requires_auth" time="0.059" /></testsuite></testsuites>