<?xml version="1.0" encoding="utf-8"?><testsuites name="pytest tests"><testsuite name="pytest" errors="0" failures="0" skipped="0" tests="24" time="4.332" timestamp="2026-05-14T23:14:14.827725+00:00" hostname="agent-env-516011f7-a9d7-4855-8020-7f376a6adfc6"><testcase classname="backend.tests.backend_test" name="test_root" time="0.220" /><testcase classname="backend.tests.backend_test.TestAuth" name="test_login_success" time="0.289" /><testcase classname="backend.tests.backend_test.TestAuth" name="test_login_invalid_password" time="0.282" /><testcase classname="backend.tests.backend_test.TestAuth" name="test_login_invalid_email" time="0.058" /><testcase classname="backend.tests.backend_test.TestAuth" name="test_me_with_token" time="0.435" /><testcase classname="backend.tests.backend_test.TestAuth" name="test_me_without_token" time="0.059" /><testcase classname="backend.tests.backend_test.TestAuth" name="test_me_invalid_token" time="0.144" /><testcase classname="backend.tests.backend_test.TestProducts" name="test_list_products_seeded" time="0.059" /><testcase classname="backend.tests.backend_test.TestProducts" name="test_get_product_by_slug" time="0.124" /><testcase classname="backend.tests.backend_test.TestProducts" name="test_get_product_404" time="0.060" /><testcase classname="backend.tests.backend_test.TestProducts" name="test_product_crud_lifecycle" time="0.543" /><testcase classname="backend.tests.backend_test.TestProducts" name="test_product_create_without_auth" time="0.060" /><testcase classname="backend.tests.backend_test.TestMessages" name="test_submit_message_public" time="0.059" /><testcase classname="backend.tests.backend_test.TestMessages" name="test_list_messages_requires_auth" time="0.062" /><testcase classname="backend.tests.backend_test.TestMessages" name="test_messages_full_flow" time="0.480" /><testcase classname="backend.tests.backend_test.TestMessages" name="test_reply_requires_auth" time="0.059" /><testcase classname="backend.tests.backend_test.TestClicks" name="test_log_click_for_real_product" time="0.126" /><testcase classname="backend.tests.backend_test.TestClicks" name="test_log_click_invalid_product" time="0.066" /><testcase classname="backend.tests.backend_test.TestAnalytics" name="test_summary_requires_auth" time="0.061" /><testcase classname="backend.tests.backend_test.TestAnalytics" name="test_summary_shape" time="0.251" /><testcase classname="backend.tests.backend_test.TestUploads" name="test_upload_requires_auth" time="0.059" /><testcase classname="backend.tests.backend_test.TestUploads" name="test_upload_png_success" time="0.486" /><testcase classname="backend.tests.backend_test.TestUploads" name="test_upload_rejects_non_image" time="0.119" /><testcase classname="backend.tests.backend_test.TestUploads" name="test_serve_file_404_for_unknown_path" time="0.062" /></testsuite></testsuites>